Using pre-set license
Built from '2021.3/staging' branch; Version is '2021.3.7f1 (24e8595d6d43) revision 2418777'; Using compiler version '192829333'; Build Type 'Release'
OS: 'Windows 10  (10.0.19045) 64bit Professional' Language: 'es' Physical Memory: 20285 MB
BatchMode: 1, IsHumanControllingUs: 0, StartBugReporterOnCrash: 0, Is64bit: 1, IsPro: 1

COMMAND LINE ARGUMENTS:
E:\Unity\2021.3.7f1\Editor\Unity.exe
-adb2
-batchMode
-noUpm
-name
AssetImportWorker6
-projectPath
E:/Unity/FrogFront/FROGFRONT ULTTIMATEEEEE/FrogFront-0.5
-logFile
Logs/AssetImportWorker6.log
-srvPort
50557
Successfully changed project path to: E:/Unity/FrogFront/FROGFRONT ULTTIMATEEEEE/FrogFront-0.5
E:/Unity/FrogFront/FROGFRONT ULTTIMATEEEEE/FrogFront-0.5
[UnityMemory] Configuration Parameters - Can be set up in boot.config
    "memorysetup-bucket-allocator-granularity=16"
    "memorysetup-bucket-allocator-bucket-count=8"
    "memorysetup-bucket-allocator-block-size=33554432"
    "memorysetup-bucket-allocator-block-count=8"
    "memorysetup-main-allocator-block-size=16777216"
    "memorysetup-thread-allocator-block-size=16777216"
    "memorysetup-gfx-main-allocator-block-size=16777216"
    "memorysetup-gfx-thread-allocator-block-size=16777216"
    "memorysetup-cache-allocator-block-size=4194304"
    "memorysetup-typetree-allocator-block-size=2097152"
    "memorysetup-profiler-bucket-allocator-granularity=16"
    "memorysetup-profiler-bucket-allocator-bucket-count=8"
    "memorysetup-profiler-bucket-allocator-block-size=33554432"
    "memorysetup-profiler-bucket-allocator-block-count=8"
    "memorysetup-profiler-allocator-block-size=16777216"
    "memorysetup-profiler-editor-allocator-block-size=1048576"
    "memorysetup-temp-allocator-size-main=16777216"
    "memorysetup-job-temp-allocator-block-size=2097152"
    "memorysetup-job-temp-allocator-block-size-background=1048576"
    "memorysetup-job-temp-allocator-reduction-small-platforms=262144"
    "memorysetup-temp-allocator-size-background-worker=32768"
    "memorysetup-temp-allocator-size-job-worker=262144"
    "memorysetup-temp-allocator-size-preload-manager=33554432"
    "memorysetup-temp-allocator-size-nav-mesh-worker=65536"
    "memorysetup-temp-allocator-size-audio-worker=65536"
    "memorysetup-temp-allocator-size-cloud-worker=32768"
    "memorysetup-temp-allocator-size-gi-baking-worker=262144"
    "memorysetup-temp-allocator-size-gfx=262144"
Refreshing native plugins compatible for Editor in 253.60 ms, found 4 plugins.
Preloading 0 native plugins for Editor in 0.00 ms.
Initialize engine version: 2021.3.7f1 (24e8595d6d43)
[Subsystems] Discovering subsystems at path E:/Unity/2021.3.7f1/Editor/Data/Resources/UnitySubsystems
[Subsystems] Discovering subsystems at path E:/Unity/FrogFront/FROGFRONT ULTTIMATEEEEE/FrogFront-0.5/Assets
GfxDevice: creating device client; threaded=0; jobified=0
Direct3D:
    Version:  Direct3D 11.0 [level 11.1]
    Renderer: Intel(R) Iris(R) Plus Graphics (ID=0x8a52)
    Vendor:   Intel
    VRAM:     10142 MB
    Driver:   30.0.100.9805
Initialize mono
Mono path[0] = 'E:/Unity/2021.3.7f1/Editor/Data/Managed'
Mono path[1] = 'E:/Unity/2021.3.7f1/Editor/Data/MonoBleedingEdge/lib/mono/unityjit-win32'
Mono config path = 'E:/Unity/2021.3.7f1/Editor/Data/MonoBleedingEdge/etc'
Using monoOptions --debugger-agent=transport=dt_socket,embedding=1,server=y,suspend=n,address=127.0.0.1:56476
Begin MonoManager ReloadAssembly
Registering precompiled unity dll's ...
Register platform support module: E:/Unity/2021.3.7f1/Editor/Data/PlaybackEngines/WebGLSupport/UnityEditor.WebGL.Extensions.dll
Register platform support module: E:/Unity/2021.3.7f1/Editor/Data/PlaybackEngines/AndroidPlayer/UnityEditor.Android.Extensions.dll
Register platform support module: E:/Unity/2021.3.7f1/Editor/Data/PlaybackEngines/WindowsStandaloneSupport/UnityEditor.WindowsStandalone.Extensions.dll
Registered in 0.006358 seconds.
Native extension for WindowsStandalone target not found
Native extension for Android target not found
Native extension for WebGL target not found
Refreshing native plugins compatible for Editor in 259.14 ms, found 4 plugins.
Preloading 0 native plugins for Editor in 0.00 ms.
Mono: successfully reloaded assembly
- Completed reload, in  1.529 seconds
Domain Reload Profiling:
	ReloadAssembly (1530ms)
		BeginReloadAssembly (165ms)
			ExecutionOrderSort (0ms)
			DisableScriptedObjects (0ms)
			BackupInstance (0ms)
			ReleaseScriptingObjects (0ms)
			CreateAndSetChildDomain (2ms)
		EndReloadAssembly (1145ms)
			LoadAssemblies (164ms)
			RebuildTransferFunctionScriptingTraits (0ms)
			SetupTypeCache (226ms)
			ReleaseScriptCaches (0ms)
			RebuildScriptCaches (74ms)
			SetupLoadedEditorAssemblies (740ms)
				LogAssemblyErrors (0ms)
				InitializePlatformSupportModulesInManaged (133ms)
				SetLoadedEditorAssemblies (0ms)
				RefreshPlugins (259ms)
				BeforeProcessingInitializeOnLoad (3ms)
				ProcessInitializeOnLoadAttributes (245ms)
				ProcessInitializeOnLoadMethodAttributes (99ms)
				AfterProcessingInitializeOnLoad (0ms)
				EditorAssembliesLoaded (0ms)
			ExecutionOrderSort2 (0ms)
			AwakeInstancesAfterBackupRestoration (0ms)
Platform modules already initialized, skipping
Registering precompiled user dll's ...
Registered in 0.011700 seconds.
Begin MonoManager ReloadAssembly
Symbol file LoadedFromMemory doesn't match image E:\Unity\FrogFront\FROGFRONT ULTTIMATEEEEE\FrogFront-0.5\Library\PackageCache\com.unity.visualscripting@1.7.8\Editor\VisualScripting.Core\Dependencies\YamlDotNet\Unity.VisualScripting.YamlDotNet.dll
Symbol file LoadedFromMemory doesn't match image E:\Unity\FrogFront\FROGFRONT ULTTIMATEEEEE\FrogFront-0.5\Library\PackageCache\com.unity.visualscripting@1.7.8\Editor\VisualScripting.Core\Dependencies\DotNetZip\Unity.VisualScripting.IonicZip.dll
Native extension for WindowsStandalone target not found
Native extension for Android target not found
Native extension for WebGL target not found
Refreshing native plugins compatible for Editor in 222.71 ms, found 4 plugins.
Preloading 0 native plugins for Editor in 0.00 ms.
Mono: successfully reloaded assembly
- Completed reload, in  6.041 seconds
Domain Reload Profiling:
	ReloadAssembly (6043ms)
		BeginReloadAssembly (211ms)
			ExecutionOrderSort (0ms)
			DisableScriptedObjects (12ms)
			BackupInstance (0ms)
			ReleaseScriptingObjects (0ms)
			CreateAndSetChildDomain (36ms)
		EndReloadAssembly (5585ms)
			LoadAssemblies (2162ms)
			RebuildTransferFunctionScriptingTraits (0ms)
			SetupTypeCache (562ms)
			ReleaseScriptCaches (1ms)
			RebuildScriptCaches (132ms)
			SetupLoadedEditorAssemblies (2597ms)
				LogAssemblyErrors (0ms)
				InitializePlatformSupportModulesInManaged (27ms)
				SetLoadedEditorAssemblies (0ms)
				RefreshPlugins (223ms)
				BeforeProcessingInitializeOnLoad (210ms)
				ProcessInitializeOnLoadAttributes (1871ms)
				ProcessInitializeOnLoadMethodAttributes (259ms)
				AfterProcessingInitializeOnLoad (7ms)
				EditorAssembliesLoaded (0ms)
			ExecutionOrderSort2 (0ms)
			AwakeInstancesAfterBackupRestoration (21ms)
Platform modules already initialized, skipping
========================================================================
Worker process is ready to serve import requests
Launched and connected shader compiler UnityShaderCompiler.exe after 0.43 seconds
Refreshing native plugins compatible for Editor in 1.20 ms, found 4 plugins.
Preloading 0 native plugins for Editor in 0.00 ms.
Unloading 4148 Unused Serialized files (Serialized files now loaded: 0)
Unloading 44 unused Assets / (223.0 KB). Loaded Objects now: 4622.
Memory consumption went from 169.7 MB to 169.5 MB.
Total: 6.393600 ms (FindLiveObjects: 0.521700 ms CreateObjectMapping: 0.285700 ms MarkObjects: 5.231000 ms  DeleteObjects: 0.353100 ms)

AssetImportParameters requested are different than current active one (requested -> active):
  custom:video-decoder-ogg-theora: a1e56fd34408186e4bbccfd4996cb3dc -> 
  custom:container-muxer-webm: aa71ff27fc2769a1b78a27578f13a17b -> 
  custom:container-demuxer-webm: 4f35f7cbe854078d1ac9338744f61a02 -> 
  custom:video-encoder-webm-vp8: eb34c28f22e8b96e1ab97ce403110664 -> 
  custom:audio-encoder-webm-vorbis: bf7c407c2cedff20999df2af8eb42d56 -> 
  custom:framework-win-MediaFoundation: 216162199b28c13a410421893ffa2e32 -> 
  custom:container-demuxer-ogg: 62fdf1f143b41e24485cea50d1cbac27 -> 
  custom:video-decoder-webm-vp8: 9c59270c3fd7afecdb556c50c9e8de78 -> 
  custom:audio-decoder-ogg-vorbis: bf7c407c2cedff20999df2af8eb42d56 -> 
========================================================================
Received Import Request.
  Time since last request: 3236.306643 seconds.
  path: Assets/Scenes/SampleScene 1.unity
  artifactKey: Guid(c1c5e71f9d4fca445a6ead5daa976101) Importer(815301076,1909f56bfc062723c751e8b465ee728b)
Start importing Assets/Scenes/SampleScene 1.unity using Guid(c1c5e71f9d4fca445a6ead5daa976101) Importer(815301076,1909f56bfc062723c751e8b465ee728b)  -> (artifact id: '6a094934743b6a8c6e0cd0dfb10ff774') in 0.050991 seconds 
========================================================================
Received Import Request.
  Time since last request: 64.231544 seconds.
  path: Assets/Prefabs
  artifactKey: Guid(ab73d9f4ed408ba4b9d1dc84512676f5) Importer(815301076,1909f56bfc062723c751e8b465ee728b)
Start importing Assets/Prefabs using Guid(ab73d9f4ed408ba4b9d1dc84512676f5) Importer(815301076,1909f56bfc062723c751e8b465ee728b)  -> (artifact id: 'f55377f2a8bbbe5e0ee3b8a0cc2317fe') in 0.018988 seconds 
========================================================================
Received Import Request.
  Time since last request: 144.798594 seconds.
  path: Assets/Assets/Objetos/CajaFragil/CajaFragil.prefab
  artifactKey: Guid(5c7a4283bd41a8146883886726ef54a7) Importer(815301076,1909f56bfc062723c751e8b465ee728b)
Start importing Assets/Assets/Objetos/CajaFragil/CajaFragil.prefab using Guid(5c7a4283bd41a8146883886726ef54a7) Importer(815301076,1909f56bfc062723c751e8b465ee728b)  -> (artifact id: 'd4d98d14b3f97aa0b8f79acff969fdf5') in 0.510896 seconds 
========================================================================
Received Import Request.
  Time since last request: 71.164791 seconds.
  path: Assets/Resources/CajaFragil
  artifactKey: Guid(af96461b5f03bbc4bb429e3022ca978b) Importer(815301076,1909f56bfc062723c751e8b465ee728b)
Start importing Assets/Resources/CajaFragil using Guid(af96461b5f03bbc4bb429e3022ca978b) Importer(815301076,1909f56bfc062723c751e8b465ee728b)  -> (artifact id: '27ad34b0d88fe56557d9ec319a319511') in 0.003362 seconds 
========================================================================
Received Import Request.
  Time since last request: 13.037514 seconds.
  path: Assets/Resources/Jefe
  artifactKey: Guid(62951e6414800ab41a1818d9e85c4717) Importer(815301076,1909f56bfc062723c751e8b465ee728b)
Start importing Assets/Resources/Jefe using Guid(62951e6414800ab41a1818d9e85c4717) Importer(815301076,1909f56bfc062723c751e8b465ee728b)  -> (artifact id: 'a081d187c99d88a47adc405266f4dbde') in 0.017998 seconds 
========================================================================
Received Import Request.
  Time since last request: 14.098525 seconds.
  path: Assets/Resources/Jefe Voltaire
  artifactKey: Guid(62951e6414800ab41a1818d9e85c4717) Importer(815301076,1909f56bfc062723c751e8b465ee728b)
Start importing Assets/Resources/Jefe Voltaire using Guid(62951e6414800ab41a1818d9e85c4717) Importer(815301076,1909f56bfc062723c751e8b465ee728b)  -> (artifact id: '3abcb2e210cc470ad760fea785a3825b') in 0.035184 seconds 
========================================================================
Received Import Request.
  Time since last request: 30.083087 seconds.
  path: Assets/Resources/Armas Personaje principal
  artifactKey: Guid(076b4911b569f3b4484cf1f8e42c3175) Importer(815301076,1909f56bfc062723c751e8b465ee728b)
Start importing Assets/Resources/Armas Personaje principal using Guid(076b4911b569f3b4484cf1f8e42c3175) Importer(815301076,1909f56bfc062723c751e8b465ee728b)  -> (artifact id: 'a90cb1e8e09598823fcbc94d55063f1d') in 0.016773 seconds 
========================================================================
Received Import Request.
  Time since last request: 9.868663 seconds.
  path: Assets/Resources/ArmasPersonaje
  artifactKey: Guid(076b4911b569f3b4484cf1f8e42c3175) Importer(815301076,1909f56bfc062723c751e8b465ee728b)
Start importing Assets/Resources/ArmasPersonaje using Guid(076b4911b569f3b4484cf1f8e42c3175) Importer(815301076,1909f56bfc062723c751e8b465ee728b)  -> (artifact id: '1a9d3dfca2d6a5e48b0a709563855e1b') in 0.016931 seconds 
========================================================================
Received Import Request.
  Time since last request: 10.607379 seconds.
  path: Assets/Resources/Obstaculos
  artifactKey: Guid(984e21354f64cdf4bb7fa75fcce6a00b) Importer(815301076,1909f56bfc062723c751e8b465ee728b)
Start importing Assets/Resources/Obstaculos using Guid(984e21354f64cdf4bb7fa75fcce6a00b) Importer(815301076,1909f56bfc062723c751e8b465ee728b)  -> (artifact id: 'a5156b84562c5e154708ed9e6f29a118') in 0.016680 seconds 
========================================================================
Received Import Request.
  Time since last request: 7.010509 seconds.
  path: Assets/Resources/Prefabs/Proyectil.controller
  artifactKey: Guid(f75bc22ab96f5a44e9ad6c2895638b40) Importer(815301076,1909f56bfc062723c751e8b465ee728b)
Start importing Assets/Resources/Prefabs/Proyectil.controller using Guid(f75bc22ab96f5a44e9ad6c2895638b40) Importer(815301076,1909f56bfc062723c751e8b465ee728b)  -> (artifact id: '3d8498eb016a33b6f681ceccf1ba32dc') in 0.091426 seconds 
========================================================================
Received Import Request.
  Time since last request: 50.827319 seconds.
  path: Assets/Assets/Animaciones/AtaqueMachete.anim
  artifactKey: Guid(0f0112a287c0c8d4ca3a8e5cf5ca2bc7) Importer(815301076,1909f56bfc062723c751e8b465ee728b)
Start importing Assets/Assets/Animaciones/AtaqueMachete.anim using Guid(0f0112a287c0c8d4ca3a8e5cf5ca2bc7) Importer(815301076,1909f56bfc062723c751e8b465ee728b)  -> (artifact id: 'd7087176464e62121be9d9a284e9b911') in 0.186898 seconds 
========================================================================
Received Import Request.
  Time since last request: 0.960573 seconds.
  path: Assets/Assets/Animaciones/akvoladora.anim
  artifactKey: Guid(5897c9acb14fd4549a161addb01a69a8) Importer(815301076,1909f56bfc062723c751e8b465ee728b)
Start importing Assets/Assets/Animaciones/akvoladora.anim using Guid(5897c9acb14fd4549a161addb01a69a8) Importer(815301076,1909f56bfc062723c751e8b465ee728b)  -> (artifact id: 'e9087090ffaacce5f793dd44b49e41f2') in 0.250968 seconds 
========================================================================
Received Import Request.
  Time since last request: 42.136205 seconds.
  path: Assets/Materiales/UI
  artifactKey: Guid(b54f2abad7fae144fb9dd37964b30479) Importer(815301076,1909f56bfc062723c751e8b465ee728b)
Start importing Assets/Materiales/UI using Guid(b54f2abad7fae144fb9dd37964b30479) Importer(815301076,1909f56bfc062723c751e8b465ee728b)  -> (artifact id: 'c93c348d2fc7cc64bb6643588301b85f') in 0.018343 seconds 
========================================================================
Received Import Request.
  Time since last request: 33.617267 seconds.
  path: Assets/Materiales/PhysicsMaterials
  artifactKey: Guid(af9ee031c7e3c634ab20ff590e8e207e) Importer(815301076,1909f56bfc062723c751e8b465ee728b)
Start importing Assets/Materiales/PhysicsMaterials using Guid(af9ee031c7e3c634ab20ff590e8e207e) Importer(815301076,1909f56bfc062723c751e8b465ee728b)  -> (artifact id: '79c6ade1eb97101a36749b14891aef4e') in 0.017616 seconds 
========================================================================
Received Import Request.
  Time since last request: 13.960040 seconds.
  path: Assets/TextMesh Pro
  artifactKey: Guid(f54d1bd14bd3ca042bd867b519fee8cc) Importer(815301076,1909f56bfc062723c751e8b465ee728b)
Start importing Assets/TextMesh Pro using Guid(f54d1bd14bd3ca042bd867b519fee8cc) Importer(815301076,1909f56bfc062723c751e8b465ee728b)  -> (artifact id: '6d457b26d2bc8024e58729449d46e968') in 0.017625 seconds 
========================================================================
Received Import Request.
  Time since last request: 903.857940 seconds.
  path: Assets/Resources/Obstaculos/DisparadorRecto.prefab
  artifactKey: Guid(f65856d0efb53d744a5c509fae74bfb0) Importer(815301076,1909f56bfc062723c751e8b465ee728b)
Start importing Assets/Resources/Obstaculos/DisparadorRecto.prefab using Guid(f65856d0efb53d744a5c509fae74bfb0) Importer(815301076,1909f56bfc062723c751e8b465ee728b)  -> (artifact id: '5480a6ef363b60272ff359dd299493bf') in 0.559884 seconds 
========================================================================
Received Import Request.
  Time since last request: 29.652494 seconds.
  path: Assets/Resources/Obstaculos/Torretasa
  artifactKey: Guid(412bc7a3ac9605540b49bb94258af4ae) Importer(815301076,1909f56bfc062723c751e8b465ee728b)
Start importing Assets/Resources/Obstaculos/Torretasa using Guid(412bc7a3ac9605540b49bb94258af4ae) Importer(815301076,1909f56bfc062723c751e8b465ee728b)  -> (artifact id: 'a3a2a1e838e186015ed6dad8cce2dd05') in 0.031716 seconds 
========================================================================
Received Import Request.
  Time since last request: 3.958076 seconds.
  path: Assets/Resources/Obstaculos/Torretas
  artifactKey: Guid(412bc7a3ac9605540b49bb94258af4ae) Importer(815301076,1909f56bfc062723c751e8b465ee728b)
Start importing Assets/Resources/Obstaculos/Torretas using Guid(412bc7a3ac9605540b49bb94258af4ae) Importer(815301076,1909f56bfc062723c751e8b465ee728b)  -> (artifact id: '0f686c84790313e87a3ab2741801b4da') in 0.181728 seconds 
========================================================================
Received Import Request.
  Time since last request: 19.972449 seconds.
  path: Assets/Resources/Obstaculos/Torretas/DisparadorAbajo (6).prefab
  artifactKey: Guid(b190c93b4931ebd4387a2c60a057bc1e) Importer(815301076,1909f56bfc062723c751e8b465ee728b)
Start importing Assets/Resources/Obstaculos/Torretas/DisparadorAbajo (6).prefab using Guid(b190c93b4931ebd4387a2c60a057bc1e) Importer(815301076,1909f56bfc062723c751e8b465ee728b)  -> (artifact id: 'a3663e064885858a7d675cf33dc3ee04') in 0.385002 seconds 
========================================================================
Received Import Request.
  Time since last request: 0.000059 seconds.
  path: Assets/Resources/Obstaculos/Torretas/DisparadorDerecha.prefab
  artifactKey: Guid(32fae26e168821f4fa88003e8af42aca) Importer(815301076,1909f56bfc062723c751e8b465ee728b)
Start importing Assets/Resources/Obstaculos/Torretas/DisparadorDerecha.prefab using Guid(32fae26e168821f4fa88003e8af42aca) Importer(815301076,1909f56bfc062723c751e8b465ee728b)  -> (artifact id: '91f174de30c1c25c73a47a1fa579ce3c') in 0.092258 seconds 
========================================================================
Received Import Request.
  Time since last request: 0.000064 seconds.
  path: Assets/Resources/Obstaculos/Torretas/DisparadorDerecha (1).prefab
  artifactKey: Guid(f6b1f57f0980e1b46a910cf2f6fc9b36) Importer(815301076,1909f56bfc062723c751e8b465ee728b)
Start importing Assets/Resources/Obstaculos/Torretas/DisparadorDerecha (1).prefab using Guid(f6b1f57f0980e1b46a910cf2f6fc9b36) Importer(815301076,1909f56bfc062723c751e8b465ee728b)  -> (artifact id: 'aa09a981751ea177751e3b44f2830730') in 0.043168 seconds 
========================================================================
Received Import Request.
  Time since last request: 56.764125 seconds.
  path: Assets/Resources/Obstaculos/Torretas/DisparadorIzquierda.prefab
  artifactKey: Guid(f6b1f57f0980e1b46a910cf2f6fc9b36) Importer(815301076,1909f56bfc062723c751e8b465ee728b)
Start importing Assets/Resources/Obstaculos/Torretas/DisparadorIzquierda.prefab using Guid(f6b1f57f0980e1b46a910cf2f6fc9b36) Importer(815301076,1909f56bfc062723c751e8b465ee728b)  -> (artifact id: '62127ef5374fbd5c783dd73755f6677d') in 0.066609 seconds 
========================================================================
Received Import Request.
  Time since last request: 14.661267 seconds.
  path: Assets/Resources/Obstaculos/Torretas/DisparadorAbajo.prefab
  artifactKey: Guid(b190c93b4931ebd4387a2c60a057bc1e) Importer(815301076,1909f56bfc062723c751e8b465ee728b)
Start importing Assets/Resources/Obstaculos/Torretas/DisparadorAbajo.prefab using Guid(b190c93b4931ebd4387a2c60a057bc1e) Importer(815301076,1909f56bfc062723c751e8b465ee728b)  -> (artifact id: '4acb35dc7e020ad5c83f3ab1a59b0544') in 0.286926 seconds 
========================================================================
Received Import Request.
  Time since last request: 35.849668 seconds.
  path: Assets/Scenes/PrimerNivel.unity
  artifactKey: Guid(c1c5e71f9d4fca445a6ead5daa976101) Importer(815301076,1909f56bfc062723c751e8b465ee728b)
Start importing Assets/Scenes/PrimerNivel.unity using Guid(c1c5e71f9d4fca445a6ead5daa976101) Importer(815301076,1909f56bfc062723c751e8b465ee728b)  -> (artifact id: '8cb69c8fb06d6ff43dc633ba01710316') in 0.037216 seconds 
========================================================================
Received Import Request.
  Time since last request: 103.569948 seconds.
  path: Assets/Resources/Obstaculos/EspinaTecho-01.prefab
  artifactKey: Guid(55c22412d16c20646b08d136de1b5675) Importer(815301076,1909f56bfc062723c751e8b465ee728b)
Start importing Assets/Resources/Obstaculos/EspinaTecho-01.prefab using Guid(55c22412d16c20646b08d136de1b5675) Importer(815301076,1909f56bfc062723c751e8b465ee728b)  -> (artifact id: '815b7a1577a3573885055bd23a3234a6') in 0.203783 seconds 
========================================================================
Received Import Request.
  Time since last request: 5.144238 seconds.
  path: Assets/Resources/Obstaculos/EspinaTecho.prefab
  artifactKey: Guid(55c22412d16c20646b08d136de1b5675) Importer(815301076,1909f56bfc062723c751e8b465ee728b)
Start importing Assets/Resources/Obstaculos/EspinaTecho.prefab using Guid(55c22412d16c20646b08d136de1b5675) Importer(815301076,1909f56bfc062723c751e8b465ee728b)  -> (artifact id: '98bce8dc53de6dbda064c7f41bb8dd62') in 0.048560 seconds 
========================================================================
Received Import Request.
  Time since last request: 123.061252 seconds.
  path: Assets/Resources/Obstaculos/PlataformaQueCae1-01.prefab
  artifactKey: Guid(3b6e8eabc8f8a45459ea09b095b20171) Importer(815301076,1909f56bfc062723c751e8b465ee728b)
Start importing Assets/Resources/Obstaculos/PlataformaQueCae1-01.prefab using Guid(3b6e8eabc8f8a45459ea09b095b20171) Importer(815301076,1909f56bfc062723c751e8b465ee728b)  -> (artifact id: 'd726a9ecb74c27fc1691f132392c3cd1') in 0.245644 seconds 
========================================================================
Received Import Request.
  Time since last request: 8.620202 seconds.
  path: Assets/Resources/Obstaculos/PlataformaQueCae.prefab
  artifactKey: Guid(3b6e8eabc8f8a45459ea09b095b20171) Importer(815301076,1909f56bfc062723c751e8b465ee728b)
Start importing Assets/Resources/Obstaculos/PlataformaQueCae.prefab using Guid(3b6e8eabc8f8a45459ea09b095b20171) Importer(815301076,1909f56bfc062723c751e8b465ee728b)  -> (artifact id: 'ad891422d87d34d74b09e6fe82289cfa') in 0.071429 seconds 
========================================================================
Received Import Request.
  Time since last request: 614.688233 seconds.
  path: Assets/Scenes/pruebasMecanicas.unity
  artifactKey: Guid(2cda990e2423bbf4892e6590ba056729) Importer(815301076,1909f56bfc062723c751e8b465ee728b)
Start importing Assets/Scenes/pruebasMecanicas.unity using Guid(2cda990e2423bbf4892e6590ba056729) Importer(815301076,1909f56bfc062723c751e8b465ee728b)  -> (artifact id: '021bf9779134a9bc762e12be3532bdd0') in 0.028356 seconds 
========================================================================
Received Import Request.
  Time since last request: 1.325434 seconds.
  path: Assets/Scenes/PrimerNivel.unity
  artifactKey: Guid(c1c5e71f9d4fca445a6ead5daa976101) Importer(815301076,1909f56bfc062723c751e8b465ee728b)
Start importing Assets/Scenes/PrimerNivel.unity using Guid(c1c5e71f9d4fca445a6ead5daa976101) Importer(815301076,1909f56bfc062723c751e8b465ee728b)  -> (artifact id: '6947fd87c2cfc1cfe241219dd5f7d118') in 0.003903 seconds 
========================================================================
Received Import Request.
  Time since last request: 60.561531 seconds.
  path: Assets/CambiarEscena.cs
  artifactKey: Guid(d819ae51776585642b9b532a617b15f1) Importer(815301076,1909f56bfc062723c751e8b465ee728b)
Start importing Assets/CambiarEscena.cs using Guid(d819ae51776585642b9b532a617b15f1) Importer(815301076,1909f56bfc062723c751e8b465ee728b)  -> (artifact id: '77a2adbb28343bc239eead01d71ef98c') in 0.731806 seconds 
========================================================================
Received Import Request.
  Time since last request: 15.768264 seconds.
  path: Assets/zonaPelea.cs
  artifactKey: Guid(90be9c4d8bf6fd740a6a44657fbbc6d7) Importer(815301076,1909f56bfc062723c751e8b465ee728b)
Start importing Assets/zonaPelea.cs using Guid(90be9c4d8bf6fd740a6a44657fbbc6d7) Importer(815301076,1909f56bfc062723c751e8b465ee728b)  -> (artifact id: 'f2812f332a2c255eecbdc8cdded09f6d') in 0.031862 seconds 
========================================================================
Received Import Request.
  Time since last request: 3.483019 seconds.
  path: Assets/Botiquin.cs
  artifactKey: Guid(936f98b1cb6a7a84cb80053913cf86f9) Importer(815301076,1909f56bfc062723c751e8b465ee728b)
Start importing Assets/Botiquin.cs using Guid(936f98b1cb6a7a84cb80053913cf86f9) Importer(815301076,1909f56bfc062723c751e8b465ee728b)  -> (artifact id: '3fe209aff4583422334a7eff86715611') in 0.033027 seconds 
========================================================================
Received Import Request.
  Time since last request: 0.915153 seconds.
  path: Assets/barravidaboss.cs
  artifactKey: Guid(d7894d82e898cac4ab5e3b2a0d54df18) Importer(815301076,1909f56bfc062723c751e8b465ee728b)
Start importing Assets/barravidaboss.cs using Guid(d7894d82e898cac4ab5e3b2a0d54df18) Importer(815301076,1909f56bfc062723c751e8b465ee728b)  -> (artifact id: '2ec67dd509d5eaf4b09fce2ca3dbe139') in 0.065112 seconds 
========================================================================
Received Import Request.
  Time since last request: 3.626180 seconds.
  path: Assets/balaEnemiga.cs
  artifactKey: Guid(bd60c2532cd14c440873c994799f2b2a) Importer(815301076,1909f56bfc062723c751e8b465ee728b)
Start importing Assets/balaEnemiga.cs using Guid(bd60c2532cd14c440873c994799f2b2a) Importer(815301076,1909f56bfc062723c751e8b465ee728b)  -> (artifact id: 'ee7c86110206aff35eea82d1b66ef771') in 0.016608 seconds 
========================================================================
Received Import Request.
  Time since last request: 7.747616 seconds.
  path: Assets/portal.cs
  artifactKey: Guid(42ee90f204969d340a2d45a84964f643) Importer(815301076,1909f56bfc062723c751e8b465ee728b)
Start importing Assets/portal.cs using Guid(42ee90f204969d340a2d45a84964f643) Importer(815301076,1909f56bfc062723c751e8b465ee728b)  -> (artifact id: 'c6a9ba7349961ee6c4ffe16ad894c12d') in 0.015720 seconds 
========================================================================
Received Prepare
Registering precompiled user dll's ...
Registered in 0.010473 seconds.
Begin MonoManager ReloadAssembly
Symbol file LoadedFromMemory doesn't match image E:\Unity\FrogFront\FROGFRONT ULTTIMATEEEEE\FrogFront-0.5\Library\PackageCache\com.unity.visualscripting@1.7.8\Editor\VisualScripting.Core\Dependencies\YamlDotNet\Unity.VisualScripting.YamlDotNet.dll
Symbol file LoadedFromMemory doesn't match image E:\Unity\FrogFront\FROGFRONT ULTTIMATEEEEE\FrogFront-0.5\Library\PackageCache\com.unity.visualscripting@1.7.8\Editor\VisualScripting.Core\Dependencies\DotNetZip\Unity.VisualScripting.IonicZip.dll
Native extension for WindowsStandalone target not found
Native extension for Android target not found
Native extension for WebGL target not found
Refreshing native plugins compatible for Editor in 1.31 ms, found 4 plugins.
Preloading 0 native plugins for Editor in 0.00 ms.
Mono: successfully reloaded assembly
- Completed reload, in  2.215 seconds
Domain Reload Profiling:
	ReloadAssembly (2217ms)
		BeginReloadAssembly (255ms)
			ExecutionOrderSort (0ms)
			DisableScriptedObjects (15ms)
			BackupInstance (0ms)
			ReleaseScriptingObjects (0ms)
			CreateAndSetChildDomain (78ms)
		EndReloadAssembly (1727ms)
			LoadAssemblies (169ms)
			RebuildTransferFunctionScriptingTraits (0ms)
			SetupTypeCache (564ms)
			ReleaseScriptCaches (2ms)
			RebuildScriptCaches (95ms)
			SetupLoadedEditorAssemblies (784ms)
				LogAssemblyErrors (0ms)
				InitializePlatformSupportModulesInManaged (47ms)
				SetLoadedEditorAssemblies (1ms)
				RefreshPlugins (1ms)
				BeforeProcessingInitializeOnLoad (162ms)
				ProcessInitializeOnLoadAttributes (481ms)
				ProcessInitializeOnLoadMethodAttributes (85ms)
				AfterProcessingInitializeOnLoad (6ms)
				EditorAssembliesLoaded (0ms)
			ExecutionOrderSort2 (0ms)
			AwakeInstancesAfterBackupRestoration (24ms)
Platform modules already initialized, skipping
Refreshing native plugins compatible for Editor in 66.40 ms, found 4 plugins.
Preloading 0 native plugins for Editor in 0.00 ms.
Unloading 4117 Unused Serialized files (Serialized files now loaded: 0)
Unloading 33 unused Assets / (191.7 KB). Loaded Objects now: 4631.
Memory consumption went from 171.6 MB to 171.4 MB.
Total: 6.315200 ms (FindLiveObjects: 0.449800 ms CreateObjectMapping: 0.288200 ms MarkObjects: 5.196300 ms  DeleteObjects: 0.379100 ms)

AssetImportParameters requested are different than current active one (requested -> active):
  custom:video-decoder-ogg-theora: a1e56fd34408186e4bbccfd4996cb3dc -> 
  custom:container-muxer-webm: aa71ff27fc2769a1b78a27578f13a17b -> 
  custom:container-demuxer-webm: 4f35f7cbe854078d1ac9338744f61a02 -> 
  custom:video-encoder-webm-vp8: eb34c28f22e8b96e1ab97ce403110664 -> 
  custom:audio-encoder-webm-vorbis: bf7c407c2cedff20999df2af8eb42d56 -> 
  custom:framework-win-MediaFoundation: 216162199b28c13a410421893ffa2e32 -> 
  custom:container-demuxer-ogg: 62fdf1f143b41e24485cea50d1cbac27 -> 
  custom:video-decoder-webm-vp8: 9c59270c3fd7afecdb556c50c9e8de78 -> 
  custom:audio-decoder-ogg-vorbis: bf7c407c2cedff20999df2af8eb42d56 -> 
========================================================================
Received Import Request.
  Time since last request: 97.875303 seconds.
  path: Assets/Scripts/Peligros ambiente/EspinaCayendo.cs
  artifactKey: Guid(60c7f8502af37064dbe51c98feed9988) Importer(815301076,1909f56bfc062723c751e8b465ee728b)
Start importing Assets/Scripts/Peligros ambiente/EspinaCayendo.cs using Guid(60c7f8502af37064dbe51c98feed9988) Importer(815301076,1909f56bfc062723c751e8b465ee728b)  -> (artifact id: 'e66b0ffb01605377c3654be08c38aef8') in 0.041952 seconds 
========================================================================
Received Import Request.
  Time since last request: 0.000065 seconds.
  path: Assets/Scripts/Peligros ambiente/DisparadorRecto.cs
  artifactKey: Guid(216bc3ad3a726de4ea0c80692406468d) Importer(815301076,1909f56bfc062723c751e8b465ee728b)
Start importing Assets/Scripts/Peligros ambiente/DisparadorRecto.cs using Guid(216bc3ad3a726de4ea0c80692406468d) Importer(815301076,1909f56bfc062723c751e8b465ee728b)  -> (artifact id: '24c29051976b6c0b76b9d549fcfb2ae7') in 0.022431 seconds 
